# JRE version: OpenJDK Runtime Environment (21.0.8) (build 21.0.8+-14196175-b1038.72)
# Java VM: OpenJDK 64-Bit Server VM (21.0.8+-14196175-b1038.72, mixed mode, tiered, compressed oops, compressed class ptrs, g1 gc, windows-amd64)
GC Precious Log:
 CardTable entry size: 512
 Card Set container configuration: InlinePtr #cards 4 size 8 Array Of Cards #cards 16 size 48 Howl #buckets 8 coarsen threshold 3686 Howl Bitmap #cards 512 size 80 coarsen threshold 460 Card regions per heap region 1 cards per card region 4096
 CPUs: 12 total, 12 available
 Memory: 7518M
 Large Page Support: Disabled
 NUMA Support: Disabled
 Compressed Oops: Enabled (Zero based)
 Heap Region Size: 2M
 Heap Min Capacity: 8M
 Heap Initial Capacity: 118M
 Heap Max Capacity: 4G
 Pre-touch: Disabled
 Parallel Workers: 10
 Concurrent Workers: 3
 Concurrent Refinement Workers: 10
 Periodic GC: Disabled
Heap:
 garbage-first heap   total 634880K, used 405090K [0x0000000700000000, 0x0000000800000000)
  region size 2048K, 7 young (14336K), 7 survivors (14336K)
 Metaspace       used 142406K, committed 144960K, reserved 1179648K
  class space    used 20089K, committed 21376K, reserved 1048576K
GC Heap History (20 events):
Event: 18.049 GC heap after
{Heap after GC invocations=55 (full 0):
 garbage-first heap   total 317440K, used 155221K [0x0000000700000000, 0x0000000800000000)
  region size 2048K, 5 young (10240K), 5 survivors (10240K)
 Metaspace       used 131707K, committed 134208K, reserved 1179648K
  class space    used 18430K, committed 19712K, reserved 1048576K
}
Event: 18.292 GC heap before
{Heap before GC invocations=55 (full 0):
 garbage-first heap   total 317440K, used 286293K [0x0000000700000000, 0x0000000800000000)
  region size 2048K, 69 young (141312K), 5 survivors (10240K)
 Metaspace       used 132575K, committed 135040K, reserved 1179648K
  class space    used 18544K, committed 19776K, reserved 1048576K
}
Event: 18.309 GC heap after
{Heap after GC invocations=56 (full 0):
 garbage-first heap   total 325632K, used 183628K [0x0000000700000000, 0x0000000800000000)
  region size 2048K, 9 young (18432K), 9 survivors (18432K)
 Metaspace       used 132575K, committed 135040K, reserved 1179648K
  class space    used 18544K, committed 19776K, reserved 1048576K
}
Event: 18.444 GC heap before
{Heap before GC invocations=56 (full 0):
 garbage-first heap   total 325632K, used 273740K [0x0000000700000000, 0x0000000800000000)
  region size 2048K, 54 young (110592K), 9 survivors (18432K)
 Metaspace       used 133023K, committed 135488K, reserved 1179648K
  class space    used 18616K, committed 19840K, reserved 1048576K
}
Event: 18.453 GC heap after
{Heap after GC invocations=57 (full 0):
 garbage-first heap   total 325632K, used 199317K [0x0000000700000000, 0x0000000800000000)
  region size 2048K, 7 young (14336K), 7 survivors (14336K)
 Metaspace       used 133023K, committed 135488K, reserved 1179648K
  class space    used 18616K, committed 19840K, reserved 1048576K
}
Event: 18.685 GC heap before
{Heap before GC invocations=58 (full 0):
 garbage-first heap   total 335872K, used 279189K [0x0000000700000000, 0x0000000800000000)
  region size 2048K, 47 young (96256K), 7 survivors (14336K)
 Metaspace       used 134179K, committed 136640K, reserved 1179648K
  class space    used 18787K, committed 20032K, reserved 1048576K
}
Event: 18.691 GC heap after
{Heap after GC invocations=59 (full 0):
 garbage-first heap   total 335872K, used 215901K [0x0000000700000000, 0x0000000800000000)
  region size 2048K, 6 young (12288K), 6 survivors (12288K)
 Metaspace       used 134179K, committed 136640K, reserved 1179648K
  class space    used 18787K, committed 20032K, reserved 1048576K
}
Event: 18.892 GC heap before
{Heap before GC invocations=59 (full 0):
 garbage-first heap   total 335872K, used 293725K [0x0000000700000000, 0x0000000800000000)
  region size 2048K, 44 young (90112K), 6 survivors (12288K)
 Metaspace       used 136341K, committed 138816K, reserved 1179648K
  class space    used 19155K, committed 20416K, reserved 1048576K
}
Event: 18.901 GC heap after
{Heap after GC invocations=60 (full 0):
 garbage-first heap   total 335872K, used 230954K [0x0000000700000000, 0x0000000800000000)
  region size 2048K, 6 young (12288K), 6 survivors (12288K)
 Metaspace       used 136341K, committed 138816K, reserved 1179648K
  class space    used 19155K, committed 20416K, reserved 1048576K
}
Event: 19.009 GC heap before
{Heap before GC invocations=60 (full 0):
 garbage-first heap   total 335872K, used 296490K [0x0000000700000000, 0x0000000800000000)
  region size 2048K, 39 young (79872K), 6 survivors (12288K)
 Metaspace       used 137112K, committed 139584K, reserved 1179648K
  class space    used 19233K, committed 20480K, reserved 1048576K
}
Event: 19.021 GC heap after
{Heap after GC invocations=61 (full 0):
 garbage-first heap   total 518144K, used 249255K [0x0000000700000000, 0x0000000800000000)
  region size 2048K, 5 young (10240K), 5 survivors (10240K)
 Metaspace       used 137112K, committed 139584K, reserved 1179648K
  class space    used 19233K, committed 20480K, reserved 1048576K
}
Event: 19.282 GC heap before
{Heap before GC invocations=62 (full 0):
 garbage-first heap   total 518144K, used 425383K [0x0000000700000000, 0x0000000800000000)
  region size 2048K, 91 young (186368K), 5 survivors (10240K)
 Metaspace       used 138180K, committed 140672K, reserved 1179648K
  class space    used 19425K, committed 20672K, reserved 1048576K
}
Event: 19.305 GC heap after
{Heap after GC invocations=63 (full 0):
 garbage-first heap   total 518144K, used 287074K [0x0000000700000000, 0x0000000800000000)
  region size 2048K, 12 young (24576K), 12 survivors (24576K)
 Metaspace       used 138180K, committed 140672K, reserved 1179648K
  class space    used 19425K, committed 20672K, reserved 1048576K
}
Event: 19.478 GC heap before
{Heap before GC invocations=63 (full 0):
 garbage-first heap   total 518144K, used 430434K [0x0000000700000000, 0x0000000800000000)
  region size 2048K, 83 young (169984K), 12 survivors (24576K)
 Metaspace       used 139782K, committed 142336K, reserved 1179648K
  class space    used 19650K, committed 20928K, reserved 1048576K
}
Event: 19.503 GC heap after
{Heap after GC invocations=64 (full 0):
 garbage-first heap   total 518144K, used 318663K [0x0000000700000000, 0x0000000800000000)
  region size 2048K, 11 young (22528K), 11 survivors (22528K)
 Metaspace       used 139782K, committed 142336K, reserved 1179648K
  class space    used 19650K, committed 20928K, reserved 1048576K
}
Event: 19.608 GC heap before
{Heap before GC invocations=64 (full 0):
 garbage-first heap   total 518144K, used 445639K [0x0000000700000000, 0x0000000800000000)
  region size 2048K, 74 young (151552K), 11 survivors (22528K)
 Metaspace       used 140679K, committed 143232K, reserved 1179648K
  class space    used 19770K, committed 21056K, reserved 1048576K
}
Event: 19.630 GC heap after
{Heap after GC invocations=65 (full 0):
 garbage-first heap   total 518144K, used 351540K [0x0000000700000000, 0x0000000800000000)
  region size 2048K, 10 young (20480K), 10 survivors (20480K)
 Metaspace       used 140679K, committed 143232K, reserved 1179648K
  class space    used 19770K, committed 21056K, reserved 1048576K
}
Event: 19.745 GC heap before
{Heap before GC invocations=65 (full 0):
 garbage-first heap   total 518144K, used 458036K [0x0000000700000000, 0x0000000800000000)
  region size 2048K, 62 young (126976K), 10 survivors (20480K)
 Metaspace       used 142121K, committed 144640K, reserved 1179648K
  class space    used 20040K, committed 21312K, reserved 1048576K
}
Event: 19.762 GC heap after
{Heap after GC invocations=66 (full 0):
 garbage-first heap   total 518144K, used 380928K [0x0000000700000000, 0x0000000800000000)
  region size 2048K, 8 young (16384K), 8 survivors (16384K)
 Metaspace       used 142121K, committed 144640K, reserved 1179648K
  class space    used 20040K, committed 21312K, reserved 1048576K
}
Event: 19.887 GC heap before
{Heap before GC invocations=66 (full 0):
 garbage-first heap   total 634880K, used 468992K [0x0000000700000000, 0x0000000800000000)
  region size 2048K, 51 young (104448K), 8 survivors (16384K)
 Metaspace       used 142406K, committed 144960K, reserved 1179648K
  class space    used 20089K, committed 21376K, reserved 1048576K
}

